info it worked if it ends with ok
verbose cli [ 'C:\\Program Files (x86)\\nodejs\\\\node.exe',
verbose cli   'C:\\Program Files (x86)\\nodejs\\node_modules\\npm\\bin\\npm-cli.js',
verbose cli   'install' ]
info using npm@1.1.0-alpha-6
info using node@v0.6.5
verbose config file C:\Users\Graeme\.npmrc
verbose config file C:\Program Files (x86)\nodejs\etc\npmrc
verbose config file C:\Program Files (x86)\nodejs\node_modules\npm\npmrc
verbose mkdir done: C:\Development\Mo-mmo 755
verbose caching C:\Development\Mo-mmo\package.json
verbose loadDefaults mommo@0.0.0
verbose where, deps [ 'C:\\Development\\Mo-mmo',
verbose where, deps   [ 'winston',
verbose where, deps     'socket.io',
verbose where, deps     'socket.io-client',
verbose where, deps     'express',
verbose where, deps     'coffee-script',
verbose where, deps     'request',
verbose where, deps     'sinon',
verbose where, deps     'vows',
verbose where, deps     'vows-bdd',
verbose where, deps     'underscore',
verbose where, deps     'wrench' ] ]
verbose from cache C:\Development\Mo-mmo\package.json
info preinstall mommo@0.0.0
WARN fileutils@0.1.1 package.json: bugs['web'] should probably be bugs['url']
verbose caching C:\Development\Mo-mmo\node_modules\fileutils\package.json
verbose loadDefaults fileutils@0.1.1
verbose caching C:\Development\Mo-mmo\node_modules\express\package.json
verbose loadDefaults express@2.5.2
WARN math@0.6.0 package.json: bugs['web'] should probably be bugs['url']
verbose caching C:\Development\Mo-mmo\node_modules\math\package.json
verbose loadDefaults math@0.6.0
verbose caching C:\Development\Mo-mmo\node_modules\request\package.json
verbose loadDefaults request@2.2.5
verbose caching C:\Development\Mo-mmo\node_modules\socket.io\package.json
verbose loadDefaults socket.io@0.8.7
verbose caching C:\Development\Mo-mmo\node_modules\socket.io-client\package.json
verbose loadDefaults socket.io-client@0.8.7
verbose caching C:\Development\Mo-mmo\node_modules\step\package.json
verbose loadDefaults step@0.0.5
verbose caching C:\Development\Mo-mmo\node_modules\vows\package.json
verbose loadDefaults vows@0.6.0
verbose caching C:\Development\Mo-mmo\node_modules\underscore\package.json
verbose loadDefaults underscore@1.2.2
verbose caching C:\Development\Mo-mmo\node_modules\vows-bdd\package.json
verbose loadDefaults vows-bdd@0.2.0
verbose caching C:\Development\Mo-mmo\node_modules\winston\package.json
verbose loadDefaults winston@0.5.9
verbose caching C:\Development\Mo-mmo\node_modules\wrench\package.json
verbose loadDefaults wrench@1.3.2
verbose caching C:\Development\Mo-mmo\node_modules\zombie\package.json
verbose loadDefaults zombie@0.12.1
WARN sinon@1.2.0 package.json: bugs['web'] should probably be bugs['url']
verbose caching C:\Development\Mo-mmo\node_modules\sinon\package.json
verbose loadDefaults sinon@1.2.0
verbose has wscript [ undefined,
verbose has wscript   { file: 'C:\\Development\\Mo-mmo\\node_modules\\contextify\\package.json',
verbose has wscript     serverjs: false,
verbose has wscript     contributors: false,
verbose has wscript     wscript: true } ]
verbose caching C:\Development\Mo-mmo\node_modules\contextify\package.json
verbose loadDefaults contextify@0.0.6
verbose from cache C:\Development\Mo-mmo\package.json
verbose into C:\Development\Mo-mmo [ 'winston@',
verbose into C:\Development\Mo-mmo   'socket.io@',
verbose into C:\Development\Mo-mmo   'socket.io-client@',
verbose into C:\Development\Mo-mmo   'express@',
verbose into C:\Development\Mo-mmo   'coffee-script@',
verbose into C:\Development\Mo-mmo   'request@',
verbose into C:\Development\Mo-mmo   'sinon@',
verbose into C:\Development\Mo-mmo   'vows@',
verbose into C:\Development\Mo-mmo   'vows-bdd@',
verbose into C:\Development\Mo-mmo   'underscore@',
verbose into C:\Development\Mo-mmo   'wrench@' ]
verbose from cache C:\Development\Mo-mmo\node_modules\contextify\package.json
verbose from cache C:\Development\Mo-mmo\node_modules\express\package.json
verbose from cache C:\Development\Mo-mmo\node_modules\fileutils\package.json
verbose from cache C:\Development\Mo-mmo\node_modules\math\package.json
verbose from cache C:\Development\Mo-mmo\node_modules\request\package.json
verbose from cache C:\Development\Mo-mmo\node_modules\sinon\package.json
verbose from cache C:\Development\Mo-mmo\node_modules\socket.io\package.json
verbose from cache C:\Development\Mo-mmo\node_modules\socket.io-client\package.json
verbose from cache C:\Development\Mo-mmo\node_modules\step\package.json
verbose from cache C:\Development\Mo-mmo\node_modules\underscore\package.json
verbose from cache C:\Development\Mo-mmo\node_modules\vows\package.json
verbose from cache C:\Development\Mo-mmo\node_modules\vows-bdd\package.json
verbose from cache C:\Development\Mo-mmo\node_modules\winston\package.json
verbose from cache C:\Development\Mo-mmo\node_modules\wrench\package.json
verbose from cache C:\Development\Mo-mmo\node_modules\zombie\package.json
verbose already installed in C:\Development\Mo-mmo skipping socket.io@
verbose already installed in C:\Development\Mo-mmo skipping socket.io-client@
verbose already installed in C:\Development\Mo-mmo skipping express@
verbose cache add coffee-script@
verbose cache add [ 'coffee-script@', null ]
silly cache add: name, spec, args [ undefined, 'coffee-script@', [ 'coffee-script@', null ] ]
verbose parsed url { pathname: 'coffee-script@',
verbose parsed url   path: 'coffee-script@',
verbose parsed url   href: 'coffee-script@' }
silly cache add: name, spec, args [ 'coffee-script', '', [ 'coffee-script', '' ] ]
verbose parsed url { href: '' }
info addNamed [ 'coffee-script', '' ]
verbose addNamed [ null, '' ]
verbose already installed in C:\Development\Mo-mmo skipping request@
verbose already installed in C:\Development\Mo-mmo skipping sinon@
verbose already installed in C:\Development\Mo-mmo skipping vows@
verbose already installed in C:\Development\Mo-mmo skipping vows-bdd@
verbose already installed in C:\Development\Mo-mmo skipping underscore@
verbose already installed in C:\Development\Mo-mmo skipping wrench@
verbose already installed in C:\Development\Mo-mmo skipping winston@
verbose GET coffee-script
verbose raw, before any munging coffee-script
verbose url resolving [ 'https://registry.npmjs.org/', './coffee-script' ]
verbose url resolved https://registry.npmjs.org/coffee-script
verbose etag "3ONKTXF18L6O34VBYXVTOHK1E"
silly get cb [ 200,
silly get cb   { vary: 'Accept',
silly get cb     server: 'CouchDB/1.1.0 (Erlang OTP/R14B04)',
silly get cb     etag: '"1S5KZ188TA0ALHO001ICUGJY"',
silly get cb     date: 'Fri, 16 Dec 2011 22:39:29 GMT',
silly get cb     'content-type': 'application/json',
silly get cb     'content-length': '12240' } ]
verbose mkdir done: C:\Users\Graeme\AppData\Roaming\npm-cache\coffee-script 755
verbose GET coffee-script/1.1.3
verbose raw, before any munging coffee-script/1.1.3
verbose url resolving [ 'https://registry.npmjs.org/', './coffee-script/1.1.3' ]
verbose url resolved https://registry.npmjs.org/coffee-script/1.1.3
verbose etag "3ONKTXF18L6O34VBYXVTOHK1E"
silly get cb [ 200,
silly get cb   { vary: 'Accept',
silly get cb     server: 'CouchDB/1.1.0 (Erlang OTP/R14B04)',
silly get cb     etag: '"1S5KZ188TA0ALHO001ICUGJY"',
silly get cb     date: 'Fri, 16 Dec 2011 22:39:30 GMT',
silly get cb     'content-type': 'application/json',
silly get cb     'content-length': '1025' } ]
verbose mkdir done: C:\Users\Graeme\AppData\Roaming\npm-cache\coffee-script\1.1.3 755
verbose bin dist [ '0.6-ares1.7.5-DEV-evundefined-openssl0.9.8r-v83.6.6.11-win32-ia32-6.1.7601',
verbose bin dist   { shasum: '04cb82e59653fcad6ae6050900c81adf3af6d798',
verbose bin dist     tarball: 'http://registry.npmjs.org/coffee-script/-/coffee-script-1.1.3.tgz' } ]
verbose addRemoteTarball [ 'https://registry.npmjs.org/coffee-script/-/coffee-script-1.1.3.tgz',
verbose addRemoteTarball   '04cb82e59653fcad6ae6050900c81adf3af6d798' ]
verbose mkdir (expected) error ENOENT, no such file or directory 'C:\Users\Graeme\AppData\Local\Temp\npm-1324075174080'
verbose mkdir (expected) error ENOENT, no such file or directory 'C:\Users\Graeme\AppData\Local\Temp\npm-1324075174080\1324075174080-0.5175701866392046'
verbose mkdir done: C:\Users\Graeme\AppData\Local\Temp\npm-1324075174080\1324075174080-0.5175701866392046 755
info fetch https://registry.npmjs.org/coffee-script/-/coffee-script-1.1.3.tgz
verbose fetch to C:\Users\Graeme\AppData\Local\Temp\npm-1324075174080\1324075174080-0.5175701866392046\tmp.tgz
verbose mkdir done: C:\Users\Graeme\AppData\Local\Temp\npm-1324075174080\1324075174080-0.5175701866392046 755
silly updated sha bytes 40960
silly updated sha bytes 30720
info shasum 04cb82e59653fcad6ae6050900c81adf3af6d798
info shasum C:\Users\Graeme\AppData\Local\Temp\npm-1324075174080\1324075174080-0.5175701866392046\tmp.tgz
verbose mkdir (expected) error ENOENT, no such file or directory 'C:\Users\Graeme\AppData\Local\Temp\npm-1324075174080\1324075174080-0.5175701866392046\___package.npm'
verbose mkdir done: C:\Users\Graeme\AppData\Local\Temp\npm-1324075174080\1324075174080-0.5175701866392046\___package.npm 755
verbose unpack_ uid, gid [ undefined, undefined ]
verbose unpackTarget C:\Users\Graeme\AppData\Local\Temp\npm-1324075174080\1324075174080-0.5175701866392046\package
silly gunzTarPerm modes [ '755', '644' ]
silly afterUntar undefined
verbose gunzed C:\Users\Graeme\AppData\Local\Temp\npm-1324075174080\1324075174080-0.5175701866392046\___package.npm\package
verbose rm'ed C:\Users\Graeme\AppData\Local\Temp\npm-1324075174080\1324075174080-0.5175701866392046\package
verbose renamed [ 'C:\\Users\\Graeme\\AppData\\Local\\Temp\\npm-1324075174080\\1324075174080-0.5175701866392046\\___package.npm\\package',
verbose renamed   'C:\\Users\\Graeme\\AppData\\Local\\Temp\\npm-1324075174080\\1324075174080-0.5175701866392046\\package' ]
verbose caching C:\Users\Graeme\AppData\Local\Temp\npm-1324075174080\1324075174080-0.5175701866392046\package\package.json
verbose loadDefaults coffee-script@1.1.3
verbose tarball contents [ 'package', 'tmp.tgz' ]
verbose from cache C:\Users\Graeme\AppData\Local\Temp\npm-1324075174080\1324075174080-0.5175701866392046\package\package.json
verbose pack C:\Users\Graeme\AppData\Local\Temp\npm-1324075174080\1324075174080-0.5175701866392046\package C:\Users\Graeme\AppData\Roaming\npm-cache\coffee-script\1.1.3\package.tgz
silly makeList C:\Users\Graeme\AppData\Local\Temp\npm-1324075174080\1324075174080-0.5175701866392046\package
silly dir, dirLen [ 'C:\\Users\\Graeme\\AppData\\Local\\Temp\\npm-1324075174080\\1324075174080-0.5175701866392046\\package',
silly dir, dirLen   94 ]
verbose tarball C:\Users\Graeme\AppData\Roaming\npm-cache\coffee-script\1.1.3\package.tgz
verbose parent C:\Users\Graeme\AppData\Local\Temp\npm-1324075174080\1324075174080-0.5175701866392046\package
verbose mkdir (expected) error ENOENT, no such file or directory 'C:\Users\Graeme\AppData\Roaming\npm-cache\coffee-script\1.1.3\___package.npm'
verbose mkdir done: C:\Users\Graeme\AppData\Roaming\npm-cache\coffee-script\1.1.3\___package.npm 755
verbose unpack_ uid, gid [ undefined, undefined ]
verbose unpackTarget C:\Users\Graeme\AppData\Roaming\npm-cache\coffee-script\1.1.3\package
silly gunzTarPerm modes [ '755', '644' ]
silly afterUntar undefined
verbose gunzed C:\Users\Graeme\AppData\Roaming\npm-cache\coffee-script\1.1.3\___package.npm\package
verbose rm'ed C:\Users\Graeme\AppData\Roaming\npm-cache\coffee-script\1.1.3\package
verbose renamed [ 'C:\\Users\\Graeme\\AppData\\Roaming\\npm-cache\\coffee-script\\1.1.3\\___package.npm\\package',
verbose renamed   'C:\\Users\\Graeme\\AppData\\Roaming\\npm-cache\\coffee-script\\1.1.3\\package' ]
verbose caching C:\Users\Graeme\AppData\Roaming\npm-cache\coffee-script\1.1.3\package\package.json
verbose loadDefaults coffee-script@1.1.3
silly updated sha bytes 40960
silly updated sha bytes 24340
info shasum 196074c0954f700dd94b235297ddb76a54833fbb
info shasum C:\Users\Graeme\AppData\Roaming\npm-cache\coffee-script\1.1.3\package.tgz
verbose from cache C:\Users\Graeme\AppData\Roaming\npm-cache\coffee-script\1.1.3\package\package.json
verbose chmod C:\Users\Graeme\AppData\Roaming\npm-cache\coffee-script\1.1.3\package.tgz 644
silly skipping chown for windows C:\Users\Graeme\AppData\Roaming\npm-cache\coffee-script\1.1.3\package.tgz
silly resolved [ { name: 'coffee-script',
silly resolved     description: 'Unfancy JavaScript',
silly resolved     keywords: [ 'javascript', 'language', 'coffeescript', 'compiler' ],
silly resolved     author: { name: 'Jeremy Ashkenas' },
silly resolved     version: '1.1.3',
silly resolved     licenses: 
silly resolved      [ { type: 'MIT',
silly resolved          url: 'http://github.com/jashkenas/coffee-script/raw/master/LICENSE' } ],
silly resolved     engines: { node: '>=0.4.0' },
silly resolved     directories: { lib: './lib/coffee-script' },
silly resolved     main: './lib/coffee-script/coffee-script',
silly resolved     bin: { coffee: './bin/coffee', cake: './bin/cake' },
silly resolved     homepage: 'http://coffeescript.org',
silly resolved     repository: 
silly resolved      { type: 'git',
silly resolved        url: 'git://github.com/jashkenas/coffee-script.git' },
silly resolved     devDependencies: { 'uglify-js': '1.0.6', jison: '0.2.11' },
silly resolved     _id: 'coffee-script@1.1.3',
silly resolved     dependencies: {},
silly resolved     _engineSupported: true,
silly resolved     _npmVersion: '1.1.0-alpha-6',
silly resolved     _nodeVersion: 'v0.6.5',
silly resolved     _defaultsLoaded: true,
silly resolved     dist: { shasum: '196074c0954f700dd94b235297ddb76a54833fbb' },
silly resolved     scripts: {} } ]
info into C:\Development\Mo-mmo coffee-script@1.1.3
info installOne coffee-script@1.1.3
info unbuild C:\Development\Mo-mmo\node_modules\coffee-script
verbose from cache C:\Users\Graeme\AppData\Roaming\npm-cache\coffee-script\1.1.3\package\package.json
verbose mkdir (expected) error ENOENT, no such file or directory 'C:\Development\Mo-mmo\node_modules\___coffee-script.npm'
verbose mkdir done: C:\Development\Mo-mmo\node_modules\___coffee-script.npm 755
verbose unpack_ uid, gid [ undefined, undefined ]
verbose unpackTarget C:\Development\Mo-mmo\node_modules\coffee-script
silly gunzTarPerm modes [ '755', '644' ]
silly afterUntar undefined
verbose gunzed C:\Development\Mo-mmo\node_modules\___coffee-script.npm\package
verbose rm'ed C:\Development\Mo-mmo\node_modules\coffee-script
verbose renamed [ 'C:\\Development\\Mo-mmo\\node_modules\\___coffee-script.npm\\package',
verbose renamed   'C:\\Development\\Mo-mmo\\node_modules\\coffee-script' ]
verbose caching C:\Development\Mo-mmo\node_modules\coffee-script\package.json
verbose loadDefaults coffee-script@1.1.3
info preinstall coffee-script@1.1.3
verbose from cache C:\Development\Mo-mmo\node_modules\coffee-script\package.json
verbose into C:\Development\Mo-mmo\node_modules\coffee-script []
silly resolved []
verbose about to build C:\Development\Mo-mmo\node_modules\coffee-script
info build C:\Development\Mo-mmo\node_modules\coffee-script
verbose from cache C:\Development\Mo-mmo\node_modules\coffee-script\package.json
verbose linkStuff [ false, false, false, 'C:\\Development\\Mo-mmo\\node_modules' ]
info linkStuff coffee-script@1.1.3
verbose linkBins coffee-script@1.1.3
verbose bins linking [ { coffee: './bin/coffee', cake: './bin/cake' },
verbose bins linking   'C:\\Development\\Mo-mmo\\node_modules\\.bin',
verbose bins linking   false ]
verbose linkMans coffee-script@1.1.3
verbose rebuildBundles coffee-script@1.1.3
verbose mkdir done: C:\Development\Mo-mmo\node_modules\.bin 755
info install coffee-script@1.1.3
info postinstall coffee-script@1.1.3
verbose installOne cb coffee-script@1.1.3
info build C:\Development\Mo-mmo
verbose from cache C:\Development\Mo-mmo\package.json
verbose linkStuff [ false, false, false, 'C:\\Development' ]
info linkStuff mommo@0.0.0
verbose linkBins mommo@0.0.0
verbose linkMans mommo@0.0.0
verbose rebuildBundles mommo@0.0.0
verbose rebuildBundles [ '.bin',
verbose rebuildBundles   'async',
verbose rebuildBundles   'coffee-script',
verbose rebuildBundles   'contextify',
verbose rebuildBundles   'express',
verbose rebuildBundles   'fileutils',
verbose rebuildBundles   'math',
verbose rebuildBundles   'request',
verbose rebuildBundles   'sinon',
verbose rebuildBundles   'socket.io',
verbose rebuildBundles   'socket.io-client',
verbose rebuildBundles   'step',
verbose rebuildBundles   'underscore',
verbose rebuildBundles   'vows',
verbose rebuildBundles   'vows-bdd',
verbose rebuildBundles   'winston',
verbose rebuildBundles   'wrench',
verbose rebuildBundles   'zombie' ]
verbose rebuild bundle C:\Development\Mo-mmo\node_modules\async
verbose rebuild bundle C:\Development\Mo-mmo\node_modules\contextify
info build C:\Development\Mo-mmo\node_modules\contextify
verbose from cache C:\Development\Mo-mmo\node_modules\contextify\package.json
info preinstall contextify@0.0.6
verbose unsafe-perm in lifecycle true
silly exec cmd "/c" "node-waf clean || (exit 0); node-waf configure build"
silly spawning [ 'cmd',
silly spawning   [ '/c', 'node-waf clean || (exit 0); node-waf configure build' ],
silly spawning   'C:\\Development\\Mo-mmo\\node_modules\\contextify' ]
info contextify@0.0.6 Failed to exec preinstall script
ERR! contextify@0.0.6 preinstall: `node-waf clean || (exit 0); node-waf configure build`
ERR! `cmd "/c" "node-waf clean || (exit 0); node-waf configure build"` failed with 1
ERR! 
ERR! Failed at the contextify@0.0.6 preinstall script.
ERR! This is most likely a problem with the contextify package,
ERR! not with npm itself.
ERR! Tell the author that this fails on your system:
ERR!     node-waf clean || (exit 0); node-waf configure build
ERR! You can get their info via:
ERR!     npm owner ls contextify
ERR! There is likely additional logging output above.
ERR! 
ERR! System Windows_NT 6.1.7601
ERR! command "C:\\Program Files (x86)\\nodejs\\\\node.exe" "C:\\Program Files (x86)\\nodejs\\node_modules\\npm\\bin\\npm-cli.js" "install"
ERR! cwd C:\Development\Mo-mmo
ERR! node -v v0.6.5
ERR! npm -v 1.1.0-alpha-6
ERR! code ELIFECYCLE
ERR! message contextify@0.0.6 preinstall: `node-waf clean || (exit 0); node-waf configure build`
ERR! message `cmd "/c" "node-waf clean || (exit 0); node-waf configure build"` failed with 1
verbose exit [ 1, true ]
